<?xml version="1.0" encoding="UTF-8"?>
<!-- Generated by org.testng.reporters.JUnitReportReporter -->
<testsuite hostname="Sanaa-PC-Elitebook" failures="0" tests="3" name="com.Simplilearn.Testng.TestngFilterTest" time="39.552" errors="0" timestamp="2022-01-18T00:20:11 GST" skipped="0">
  <testcase classname="com.Simplilearn.Testng.TestngFilterTest" name="CityMainPage" time="18.149"/>
  <system-out/>
  <testcase classname="com.Simplilearn.Testng.TestngFilterTest" name="FilterTest" time="1.054"/>
  <system-out/>
  <testcase classname="com.Simplilearn.Testng.TestngFilterTest" name="Search" time="20.349"/>
  <system-out/>
</testsuite> <!-- com.Simplilearn.Testng.TestngFilterTest -->
