<?xml version="1.0" encoding="UTF-8"?>
<!-- Generated by org.testng.reporters.JUnitReportReporter -->
<testsuite hostname="Sanaa-PC-Elitebook" failures="0" tests="1" name="com.Simplilearn.Testng.ExcelDataTestngFilterTest" time="17.296" errors="0" timestamp="2022-01-12T22:41:24 GST" skipped="0">
  <testcase classname="com.Simplilearn.Testng.ExcelDataTestngFilterTest" name="FilterTest" time="17.296"/>
  <system-out/>
</testsuite> <!-- com.Simplilearn.Testng.ExcelDataTestngFilterTest -->
