<?xml version="1.0" encoding="UTF-8"?>
<!-- Generated by org.testng.reporters.JUnitReportReporter -->
<testsuite hostname="Sanaa-PC-Elitebook" failures="0" tests="1" name="com.Simplilearn.Runner.TestRunner1" time="19.496" errors="0" timestamp="2022-01-16T13:57:47 GST" skipped="0">
  <testcase classname="com.Simplilearn.Runner.TestRunner1" name="runScenario" time="19.496"/>
  <system-out/>
</testsuite> <!-- com.Simplilearn.Runner.TestRunner1 -->
